<?xml version="1.0" encoding="UTF-8"?>
<!-- Generated by org.testng.reporters.JUnitReportReporter -->
<testsuite hostname="DESKTOP-H13GIKH" failures="0" tests="1" name="ReportCreation.CreateReportExample" time="2.600" errors="0" timestamp="2024-07-24T11:59:45 IST" skipped="0">
  <testcase classname="ReportCreation.CreateReportExample" name="flipKartLogin" time="2.600"/>
</testsuite> <!-- ReportCreation.CreateReportExample -->
